2021-12-29 04:04:25,136 - pyswarms.backend.generators - ERROR - Bounds and/or init_pos should be of size (198,)
Traceback (most recent call last):
  File "/home/ubuntu/.local/lib/python3.9/site-packages/pyswarms/backend/generators.py", line 81, in generate_swarm
    pos = center * np.random.uniform(
  File "mtrand.pyx", line 1131, in numpy.random.mtrand.RandomState.uniform
  File "_common.pyx", line 562, in numpy.random._common.cont
  File "_common.pyx", line 479, in numpy.random._common.cont_broadcast_2
  File "__init__.pxd", line 742, in numpy.PyArray_MultiIterNew3
ValueError: shape mismatch: objects cannot be broadcast to a single shape
2021-12-29 04:06:48,446 - pyswarms.single.global_best - INFO - Optimize for 1000 iters with {'c1': 0.5, 'c2': 0.3, 'w': 0.9}
2021-12-29 04:06:56,135 - pyswarms.single.global_best - INFO - Optimize for 1000 iters with {'c1': 0.5, 'c2': 0.3, 'w': 0.9}
2021-12-29 04:07:50,829 - pyswarms.single.global_best - INFO - Optimize for 1000 iters with {'c1': 0.5, 'c2': 0.3, 'w': 0.9}
2021-12-29 04:09:03,847 - pyswarms.single.global_best - INFO - Optimize for 1000 iters with {'c1': 0.5, 'c2': 0.3, 'w': 0.9}
2021-12-29 04:09:10,141 - pyswarms.single.global_best - INFO - Optimization finished | best cost: 1.0, best pos: [4.21464202e-01 6.40632235e-02 5.38578664e-01 5.97579668e-01
 5.88381094e-01 7.13453703e-02 9.30564384e-01 3.12129977e-01
 9.29167340e-01 3.36699971e-01 2.28751205e-01 6.02396722e-01
 8.09122944e-02 8.88612917e-01 3.97611699e-01 8.22501455e-01
 8.72349073e-01 5.16844469e-01 8.74618080e-01 5.67515791e-01
 2.16521947e-01 2.43572104e-02 4.31468328e-01 1.39441169e-01
 8.41729711e-01 4.57719470e-01 9.23310726e-01 5.82259712e-01
 7.58898787e-01 8.95782415e-01 4.05651671e-01 5.95081024e-01
 5.59621469e-02 5.06684612e-01 9.10752894e-03 8.53543971e-01
 3.48241687e-01 2.51041674e-01 6.96506234e-01 9.66129422e-01
 6.52201122e-01 8.98103010e-01 1.23188507e-01 9.71062351e-01
 2.36253446e-01 4.01928753e-01 6.53309266e-01 2.18900419e-02
 5.80454825e-01 6.35076530e-01 9.53715719e-01 4.38013237e-01
 8.90543387e-01 1.18597665e-01 7.45594220e-01 4.26693836e-01
 3.42108495e-01 2.83438203e-01 7.07894796e-01 4.99036677e-01
 3.68655530e-01 2.03009755e-01 1.98529714e-01 9.92054881e-01
 6.62420585e-01 6.70267098e-03 9.76739994e-01 5.89494580e-01
 8.02923299e-01 5.51279975e-01 4.32951306e-01 5.08080028e-01
 1.29139961e-02 7.66581665e-01 7.30207076e-01 4.39484155e-01
 5.79977750e-01 2.01810745e-01 4.68131371e-01 8.54161754e-01
 2.12936001e-01 9.71269139e-01 6.99650659e-01 7.78342915e-02
 3.36776990e-01 3.12019969e-01 6.83191911e-01 7.36361527e-01
 5.18335327e-01 2.58157657e-01 5.67213772e-01 3.32713774e-01
 7.46064312e-01 8.59812546e-01 8.23166844e-01 7.37118467e-01
 2.53262235e-01 7.35623594e-01 5.87130231e-01 3.07621839e-01
 6.65275608e-01 6.65350177e-01 3.05541922e-01 4.42736621e-01
 3.69236001e-02 8.41851837e-01 1.23657447e-01 6.28240811e-01
 2.14035725e-01 7.99328002e-01 5.65616254e-01 4.61647858e-01
 8.36708828e-01 3.91717825e-01 6.52636051e-01 1.18790920e-01
 8.45058004e-01 9.59979054e-01 1.20690267e-02 2.79637559e-02
 3.20611862e-01 2.73657030e-01 9.41496106e-01 6.96133492e-01
 3.30361196e-01 8.31903649e-01 4.86954791e-01 2.13668353e-01
 1.76535806e-01 3.07391211e-01 4.74491404e-01 9.37725179e-01
 6.95980931e-01 5.26371660e-01 6.23871359e-01 4.56359528e-01
 3.15514640e-04 5.19305224e-01 5.26184094e-01 1.38789812e-01
 7.72266998e-03 5.79420765e-01 6.99695106e-01 3.48110354e-01
 2.44262238e-01 3.57418729e-01 2.55153989e-01 3.07865550e-01
 2.91062998e-01 8.64567761e-01 6.81054604e-01 3.77860973e-01
 8.14749465e-01 6.14671910e-01 7.57346641e-01 6.19013405e-01
 8.50220490e-01 9.46214597e-01 6.62542892e-01 3.04439680e-01
 9.37300658e-01 3.30267988e-01 8.48346568e-01 1.34808077e-01
 4.60240259e-01 8.59804434e-02 7.33477599e-01 8.49391828e-01
 5.50840477e-01 7.67293561e-02 5.48842605e-01 5.76862573e-01
 5.38470747e-01 8.56324904e-01 5.43799252e-01 9.39199998e-01
 1.03548100e-01 3.10774249e-01 4.11389373e-01 7.23009286e-01
 7.89690099e-01 4.33914078e-01 2.05809011e-01 3.62942489e-01
 6.96275306e-01 2.24968927e-01 4.03316813e-01 4.42825605e-01
 4.04181134e-01 1.47449253e-02 9.53913478e-01 3.29006023e-01
 4.09982444e-01 6.39137367e-01 9.58437258e-01 9.23418950e-01
 6.07467205e-02 2.08816894e-01]
2021-12-29 04:14:51,928 - pyswarms.single.global_best - INFO - Optimize for 1000 iters with {'c1': 0.5, 'c2': 0.3, 'w': 0.9}
2021-12-29 04:15:25,839 - pyswarms.single.global_best - INFO - Optimize for 1000 iters with {'c1': 0.5, 'c2': 0.3, 'w': 0.9}
2021-12-29 04:17:14,541 - pyswarms.single.global_best - INFO - Optimize for 1000 iters with {'c1': 0.5, 'c2': 0.3, 'w': 0.9}
2021-12-29 04:17:37,622 - pyswarms.single.global_best - INFO - Optimize for 1000 iters with {'c1': 0.5, 'c2': 0.3, 'w': 0.9}
2021-12-29 04:18:38,019 - pyswarms.single.global_best - INFO - Optimize for 1000 iters with {'c1': 0.5, 'c2': 0.3, 'w': 0.9}
2021-12-29 04:19:28,134 - pyswarms.single.global_best - INFO - Optimize for 1000 iters with {'c1': 0.5, 'c2': 0.3, 'w': 0.9}
2021-12-29 04:19:56,017 - pyswarms.single.global_best - INFO - Optimize for 1000 iters with {'c1': 0.5, 'c2': 0.3, 'w': 0.9}
2021-12-29 04:20:16,438 - pyswarms.single.global_best - INFO - Optimize for 1000 iters with {'c1': 0.5, 'c2': 0.3, 'w': 0.9}
2021-12-29 04:21:32,023 - pyswarms.single.global_best - INFO - Optimize for 1000 iters with {'c1': 0.5, 'c2': 0.3, 'w': 0.9}
2021-12-29 04:28:07,226 - pyswarms.single.global_best - INFO - Optimize for 1000 iters with {'c1': 0.5, 'c2': 0.3, 'w': 0.9}
2021-12-29 04:28:37,223 - pyswarms.single.global_best - INFO - Optimize for 1000 iters with {'c1': 0.5, 'c2': 0.3, 'w': 0.9}
2021-12-29 04:29:09,309 - pyswarms.single.global_best - INFO - Optimize for 1000 iters with {'c1': 0.5, 'c2': 0.3, 'w': 0.9}
2021-12-29 04:32:07,713 - pyswarms.single.global_best - INFO - Optimize for 1000 iters with {'c1': 0.5, 'c2': 0.3, 'w': 0.9}
2021-12-29 04:32:19,428 - pyswarms.single.global_best - INFO - Optimize for 1000 iters with {'c1': 0.5, 'c2': 0.3, 'w': 0.9}
2021-12-29 04:33:06,827 - pyswarms.single.global_best - INFO - Optimize for 1000 iters with {'c1': 0.5, 'c2': 0.3, 'w': 0.9}
2021-12-29 04:33:29,127 - pyswarms.single.global_best - INFO - Optimize for 1000 iters with {'c1': 0.5, 'c2': 0.3, 'w': 0.9}
2021-12-29 04:33:34,833 - pyswarms.single.global_best - INFO - Optimize for 1000 iters with {'c1': 0.5, 'c2': 0.3, 'w': 0.9}
2021-12-29 04:34:44,732 - pyswarms.single.global_best - INFO - Optimize for 1000 iters with {'c1': 0.5, 'c2': 0.3, 'w': 0.9}
2021-12-29 04:35:32,138 - pyswarms.single.global_best - INFO - Optimize for 1000 iters with {'c1': 0.5, 'c2': 0.3, 'w': 0.9}
2021-12-29 04:41:38,020 - pyswarms.single.global_best - INFO - Optimize for 1000 iters with {'c1': 0.5, 'c2': 0.3, 'w': 0.9}
2021-12-29 04:42:59,136 - pyswarms.single.global_best - INFO - Optimize for 1000 iters with {'c1': 0.5, 'c2': 0.3, 'w': 0.9}
2021-12-29 04:43:10,008 - pyswarms.single.global_best - INFO - Optimization finished | best cost: 0.0, best pos: [0.30611098 0.70552122 0.7788139  0.56854109 0.81561852 0.92537825
 0.35016646 0.96312882 0.92048717 0.92527147]
2021-12-29 04:44:31,227 - pyswarms.single.global_best - INFO - Optimize for 1000 iters with {'c1': 0.5, 'c2': 0.3, 'w': 0.9}
2021-12-29 04:44:41,532 - pyswarms.single.global_best - INFO - Optimization finished | best cost: 0.0, best pos: [0.68133057 0.01589881 0.71696912 0.10458459 0.51402092 0.31323978
 0.65095239 0.79621915 0.47822254 0.1688291 ]
2021-12-29 04:45:39,015 - pyswarms.single.global_best - INFO - Optimize for 1000 iters with {'c1': 0.5, 'c2': 0.3, 'w': 0.9}
2021-12-29 04:45:49,292 - pyswarms.single.global_best - INFO - Optimization finished | best cost: 0.0, best pos: [0.35515318 0.09043466 0.08564605 0.07767477 0.20659316 0.84392989
 0.66791748 0.75032479 0.93249544 0.97429024]
2021-12-29 04:46:37,938 - pyswarms.single.global_best - INFO - Optimize for 1000 iters with {'c1': 0.5, 'c2': 0.3, 'w': 0.9}
2021-12-29 04:46:40,405 - pyswarms.single.global_best - INFO - Optimization finished | best cost: 0.0, best pos: [0.7084791  0.37845028 0.50885086 0.7276016  0.92349269 0.28099546
 0.28232774 0.89887136 0.89557311 0.00878674]
2021-12-29 04:49:10,628 - pyswarms.single.global_best - INFO - Optimize for 1000 iters with {'c1': 0.5, 'c2': 0.3, 'w': 0.9}
2021-12-29 04:49:20,885 - pyswarms.single.global_best - INFO - Optimization finished | best cost: 0.0, best pos: [0.41993548 0.6403513  0.68468765 0.27005701 0.71520746 0.67608576
 0.2823749  0.42650312 0.54509447 0.85022414]
2021-12-29 04:49:27,422 - pyswarms.single.global_best - INFO - Optimize for 5 iters with {'c1': 0.5, 'c2': 0.3, 'w': 0.9}
2021-12-29 04:49:27,432 - pyswarms.single.global_best - INFO - Optimization finished | best cost: 0.0, best pos: [0.28254017 0.34983344 0.44052275 0.76455354 0.42555979 0.07387525
 0.84410796 0.72912324 0.98970986 0.92571214]
2021-12-29 04:55:12,515 - pyswarms.single.global_best - INFO - Optimize for 5 iters with {'c1': 0.5, 'c2': 0.3, 'w': 0.9}
2021-12-29 04:55:12,527 - pyswarms.single.global_best - INFO - Optimization finished | best cost: 0.0, best pos: [0.79316916 0.59511521 0.31158139 0.32769297 0.28166011 0.99948725
 0.08479964 0.59811876 0.32942641 0.69310723]
2021-12-29 04:56:13,928 - pyswarms.single.global_best - INFO - Optimize for 5 iters with {'c1': 0.5, 'c2': 0.3, 'w': 0.9}
2021-12-29 04:56:36,832 - pyswarms.single.global_best - INFO - Optimize for 5 iters with {'c1': 0.5, 'c2': 0.3, 'w': 0.9}
2021-12-30 01:01:37,801 - pyswarms.single.global_best - INFO - Optimize for 5 iters with {'c1': 0.5, 'c2': 0.3, 'w': 0.9}
2021-12-30 01:22:22,531 - pyswarms.single.global_best - INFO - Optimize for 5 iters with {'c1': 0.5, 'c2': 0.3, 'w': 0.9}
2021-12-30 01:22:41,430 - pyswarms.single.global_best - INFO - Optimize for 5 iters with {'c1': 0.5, 'c2': 0.3, 'w': 0.9}
2021-12-30 01:24:34,923 - pyswarms.single.global_best - INFO - Optimize for 5 iters with {'c1': 0.5, 'c2': 0.3, 'w': 0.9}
2021-12-30 01:24:59,113 - pyswarms.single.global_best - INFO - Optimize for 5 iters with {'c1': 0.5, 'c2': 0.3, 'w': 0.9}
2021-12-30 01:25:17,233 - pyswarms.single.global_best - INFO - Optimize for 5 iters with {'c1': 0.5, 'c2': 0.3, 'w': 0.9}
2021-12-30 01:26:18,137 - pyswarms.single.global_best - INFO - Optimize for 5 iters with {'c1': 0.5, 'c2': 0.3, 'w': 0.9}
2021-12-30 01:26:44,629 - pyswarms.single.global_best - INFO - Optimize for 5 iters with {'c1': 0.5, 'c2': 0.3, 'w': 0.9}
2021-12-30 01:28:25,448 - pyswarms.single.global_best - INFO - Optimize for 5 iters with {'c1': 0.5, 'c2': 0.3, 'w': 0.9}
2021-12-30 01:28:25,508 - pyswarms.single.global_best - INFO - Optimization finished | best cost: 0.0, best pos: [0.4628158  0.32154425 0.050402   0.86665633 0.32994447 0.12486174
 0.46938711 0.76557148 0.05229096 0.93610629]
2021-12-30 01:28:54,016 - pyswarms.single.global_best - INFO - Optimize for 5 iters with {'c1': 0.5, 'c2': 0.3, 'w': 0.9}
2021-12-30 01:28:54,021 - pyswarms.single.global_best - INFO - Optimization finished | best cost: 0.0, best pos: [0.0923068  0.63047465 0.92270278 0.57000342 0.48579126 0.83138337
 0.31414874 0.01922497 0.97221831 0.12417775]
2021-12-30 01:31:12,615 - pyswarms.single.global_best - INFO - Optimize for 1000 iters with {'c1': 0.5, 'c2': 0.3, 'w': 0.9}
2021-12-30 01:31:15,206 - pyswarms.single.global_best - INFO - Optimization finished | best cost: 0.0, best pos: [0.94894301 0.69568629 0.42034095 0.89014122 0.46172141 0.05224153
 0.17079224 0.91415854 0.51502749 0.45382997]
2021-12-30 01:32:43,333 - pyswarms.single.global_best - INFO - Optimize for 1000 iters with {'c1': 0.5, 'c2': 0.3, 'w': 0.9}
2021-12-30 01:32:54,821 - pyswarms.single.global_best - INFO - Optimization finished | best cost: 2.0, best pos: [0.58189629 0.50706823 0.27347826 0.54331161 0.74874497 0.54035382
 0.40709263 0.52277102 0.55941232 0.56224307 0.36016918 0.4630419
 0.3439991  0.56117448 0.27639867 0.25052809 0.82537762 0.53839346
 0.13214989 0.67172988 0.40321519 0.71294053 0.27115921 0.21676204
 0.43203919 0.72958729 0.57726817 0.34616295 0.79736912 0.7069702
 0.47121755 0.52412443 0.34933397 0.12898832 0.72023868 0.40443019
 0.55370107 0.83449982 0.61661835 0.33171489 0.69069086 0.64617391
 0.35570648 0.46427987 0.77736298 0.46680755 0.47465527 0.39587797
 0.49522392 0.43406695 0.78955611 0.60204012 0.42858293 0.65203234
 0.09467362 0.2452549  0.67668189 0.52172273 0.80591754 0.48784964
 0.41347305 0.1876549  0.48568909 0.12293878 0.55462858 0.33599226
 0.46641986 0.47939564 0.5373254  0.43022819 0.56217494 0.45404312
 0.49537731 0.22239618 0.43217319 0.64341531 0.30811596 0.36854764
 0.75444328 0.63592892 0.43174876 0.49372887 0.65142587 0.62189927
 0.48669954 0.55243082 0.39366437 0.75106556 0.46926629 0.59383802
 0.37111075 0.74189372 0.38127466 0.50242784 0.29249858 0.76027589
 0.25641392 0.44599044 0.62236449 0.850382   0.49838847 0.67305234
 0.37606856 0.63469251 0.27216112 0.39603415 0.40768114 0.66868819
 0.43415497 0.72068836 0.11076368 0.55498877 0.80552011 0.72517385
 0.2985348  0.98313672 0.54538685 0.52370646 0.8567148  0.4539287
 0.50688037 0.10140395 0.83975614 0.29621303 0.84179578 0.46186608
 0.52721685 0.43313232 0.26054263 0.28569658 0.46754528 0.58857362
 0.51818593 0.37739413 0.44018087 0.47779776 0.50729353 0.33385869
 0.19287467 0.52957665 0.51880547 0.47874359 0.47052731 0.22420223
 0.54929057 0.39896402 0.59330776 0.68267397 0.25359932 0.75187291
 0.76477443 0.67918117 0.10406809 0.45366842 0.31988448 0.61712391
 0.23785216 0.416521   0.53100471 0.55638861 0.39490126 0.78621722
 0.34589261 0.29023201 0.14633821 0.62954264 0.25674885 0.48819437
 0.52073516 0.28056617 0.63377775 0.21417391 0.67332613 0.61067463
 0.46473444 0.30682901 0.50927937 0.49800641 0.19592676 0.54228657
 0.49402468 0.46453239 0.40329725 0.4910222  0.3331964  0.62523746
 0.47742486 0.57449947 0.35958932 0.40528229 0.42559181 0.86929877
 0.18810301 0.42879351 0.09347547 0.78222476 0.20455082 0.56237567]
2021-12-30 01:33:21,217 - pyswarms.single.global_best - INFO - Optimize for 10000 iters with {'c1': 0.5, 'c2': 0.3, 'w': 0.9}
2021-12-30 01:35:09,341 - pyswarms.single.global_best - INFO - Optimization finished | best cost: 3.0, best pos: [0.47576639 0.4492796  0.15099691 0.53340799 0.5380879  0.42115266
 0.79532377 0.58745693 0.55987955 0.15066049 0.31662521 0.48701874
 0.41171234 0.30157251 0.78225224 0.12180424 0.61120938 0.78259276
 0.62192993 0.45614051 0.74838731 0.90788    0.63448216 0.71175425
 0.72123652 0.4865969  0.12625937 0.88034882 0.29612857 0.58689701
 0.8044309  0.80452962 0.53930352 0.67864739 0.23695953 0.52367713
 0.22940031 0.42796787 0.41196016 0.35451144 0.79040992 0.59535038
 0.24828655 0.77451912 0.38530627 0.39812906 0.61321083 0.29695859
 0.55872926 0.48397085 0.26294001 0.56040739 0.38933396 0.45243833
 0.63220253 0.87731575 0.38578588 0.39883784 0.34454007 0.32021897
 0.15802479 0.594207   0.38743467 0.46276903 0.39902342 0.58482187
 0.36555149 0.39161369 0.74647962 0.50014413 0.50859778 0.40408423
 0.3660946  0.6930526  0.85350083 0.68971143 0.34114324 0.69888805
 0.2413929  0.68392414 0.70037374 0.46264438 0.33202644 0.57529853
 0.35994764 0.32542541 0.44836208 0.32706162 0.93204796 0.46416067
 0.49567246 0.65335172 0.57212641 0.85664999 0.40767184 0.57979339
 0.36966776 0.4157161  0.60322337 0.79164791 0.6196254  0.53342
 0.47664016 0.37979613 0.38514863 0.36496076 0.37472047 0.64764678
 0.12395104 0.67696086 0.49129444 0.38354657 0.58083562 0.31164994
 0.09496559 0.42697698 0.23879163 0.66342388 0.93087063 0.35241719
 0.44146436 0.27370533 0.58166323 0.27403022 0.4642107  0.73403866
 0.91104257 0.63071664 0.60590985 0.62686133 0.6026876  0.41880596
 0.98466471 0.60862901 0.71204979 0.51229738 0.12525202 0.37580909
 0.8627652  0.51964141 0.3072476  0.51553412 0.43260261 0.11829823
 0.76882855 0.32939055 0.6379609  0.46512987 0.78416275 0.58180397
 0.33531941 0.41404552 0.45942706 0.46902345 0.86229375 0.41880704
 0.58592424 0.39292515 0.58721003 0.55693343 0.81216943 0.81543232
 0.3505608  0.11811439 0.03876594 0.72068519 0.29395514 0.4622871
 0.38797995 0.6220392  0.43912004 0.17931731 0.0265889  0.66708358
 0.23738071 0.52063475 0.12758596 0.40172627 0.67205863 0.64779395
 0.52662818 0.83504431 0.54699909 0.47780419 0.45963762 0.57348438
 0.46784326 0.40971956 0.49368938 0.26127498 0.49952186 0.69399483
 0.16643326 0.3219324  0.40495208 0.55441203 0.49161082 0.29745701]
2021-12-30 01:40:27,537 - pyswarms.single.global_best - INFO - Optimize for 10000 iters with {'c1': 0.5, 'c2': 0.3, 'w': 0.9}
2021-12-30 01:40:58,017 - pyswarms.single.global_best - INFO - Optimization finished | best cost: 0.0, best pos: [0.09706719 0.14541784 0.78282904 0.20417858 0.11521679 0.992054
 0.43908024 0.84529432 0.21521047 0.88044631 0.2229826  0.22890617
 0.34387732 0.26687013 0.39145881 0.30601739 0.44534807 0.772322
 0.41568563 0.93612651 0.84953615 0.77477816 0.67879629 0.20776154
 0.23919435 0.22335546 0.2725673  0.80133289 0.7177048  0.96377829
 0.60046319 0.05621952 0.45447743 0.51684312 0.08868674 0.32303755
 0.57819138 0.50176575 0.36000217 0.48309462 0.13328013 0.57163631
 0.27443393 0.19236633 0.3092686  0.6454799  0.89014614 0.88795152]
2021-12-30 01:55:35,878 - pyswarms.single.global_best - INFO - Optimize for 10000 iters with {'c1': 0.5, 'c2': 0.3, 'w': 0.9}
2021-12-30 01:56:46,269 - pyswarms.single.global_best - INFO - Optimization finished | best cost: 0.0, best pos: [0.59583981 0.35604003 0.355717   0.76606536 0.13528418 0.17874766
 0.00623921 0.17405241 0.29314829 0.19054082 0.78958307 0.49037061
 0.54395755 0.01551402 0.3629563  0.85542474 0.08043564 0.22499646
 0.25486209 0.82904404 0.71323622 0.92251229 0.09663462 0.91853751
 0.37918263 0.70974963 0.48359073 0.41994968 0.38892605 0.78316762
 0.71701091 0.39637558 0.42263557 0.56742296 0.37365437 0.39330769
 0.16983653 0.28312266 0.20148318 0.92356542 0.26934714 0.71531463
 0.41587046 0.8444277  0.15053082 0.45140341 0.10516411 0.78934575]
2021-12-30 02:00:53,676 - pyswarms.single.global_best - INFO - Optimize for 5 iters with {'c1': 0.5, 'c2': 0.3, 'w': 0.9}
2021-12-30 02:00:53,688 - pyswarms.single.global_best - INFO - Optimization finished | best cost: 2.0, best pos: [0.45199455 0.73761068 0.88244162 0.82077165 0.89117155 0.00273455
 0.2298414  0.0056926  0.36492443 0.90643934 0.08176333 0.02439109
 0.14792026 0.33269447 0.46591824 0.42359498 0.06200056 0.89241551
 0.78864396 0.16299631 0.4722146  0.62134113 0.85279226 0.60764802
 0.72882438 0.19294497 0.32961076 0.83844292 0.29355703 0.73252047
 0.2569182  0.47579698 0.23015017 0.37191644 0.72121987 0.23756908
 0.16661322 0.96991983 0.89943637 0.35220439 0.58370689 0.89349857
 0.80416461 0.26751137 0.4401186  0.86860245 0.48613248 0.84384107]
2021-12-30 02:01:12,461 - pyswarms.single.global_best - INFO - Optimize for 5 iters with {'c1': 0.5, 'c2': 0.3, 'w': 0.9}
2021-12-30 02:01:12,469 - pyswarms.single.global_best - INFO - Optimization finished | best cost: 2.0, best pos: [0.90034717 0.43176844 0.03905232 0.00726241 0.63021485 0.73812764
 0.82611856 0.46664621 0.5958399  0.80913389 0.11081172 0.73554674
 0.86670456 0.60749922 0.64063112 0.89479575 0.13792083 0.78412576
 0.32140888 0.51996211 0.41501411 0.34116706 0.32271932 0.51713739
 0.25030512 0.8361446  0.20018949 0.95216559 0.22424923 0.78959507
 0.44635024 0.30668023 0.4616217  0.33478325 0.68800037 0.71669613
 0.09307718 0.88649161 0.0255214  0.50424697 0.63260378 0.69522804
 0.38172651 0.07964766 0.15142204 0.22683151 0.78751649 0.61086154]
2021-12-30 02:01:38,382 - pyswarms.single.global_best - INFO - Optimize for 5 iters with {'c1': 0.5, 'c2': 0.3, 'w': 0.9}
2021-12-30 02:01:38,389 - pyswarms.single.global_best - INFO - Optimization finished | best cost: 0.0, best pos: [0.78421467 0.06970926 0.82531725 0.89671943 0.22645238 0.78744345
 0.12032766 0.43559466 0.29295718 0.9677018  0.25004699 0.41218827
 0.6389353  0.42073587 0.77119168 0.25445643 0.27857243 0.82691739
 0.45171698 0.93226556 0.11105413 0.59932688]
2021-12-30 02:02:49,885 - pyswarms.single.global_best - INFO - Optimize for 5 iters with {'c1': 0.5, 'c2': 0.3, 'w': 0.9}
2021-12-30 02:02:49,891 - pyswarms.single.global_best - INFO - Optimization finished | best cost: 1.0, best pos: [2.69086641e-01 2.97693614e-01 7.39583286e-01 8.12640299e-01
 4.21435877e-02 3.79368870e-01 8.46353505e-01 4.66587351e-01
 1.42334184e-01 5.29547771e-01 2.85479477e-01 8.33728367e-02
 8.69399939e-01 4.93816422e-04 9.87122401e-01 6.07652394e-01
 8.37454367e-02 6.83015728e-01 5.01159390e-02 8.02630110e-01
 7.46662831e-01 5.52186555e-01]
2021-12-30 02:03:37,965 - pyswarms.single.global_best - INFO - Optimize for 10000 iters with {'c1': 0.5, 'c2': 0.3, 'w': 0.9}
2021-12-30 02:04:37,191 - pyswarms.single.global_best - INFO - Optimization finished | best cost: 0.0, best pos: [0.35535067 0.93497674 0.66474232 0.57226846 0.06394943 0.66761904
 0.6257157  0.87174275 0.32592679 0.66152882 0.0531578  0.31544651
 0.809069   0.4506107  0.28977142 0.74449042 0.85456386 0.22200455
 0.2347613  0.46788193 0.11989864 0.4275252  0.17520545 0.54517179
 0.18573003 0.27613387 0.68131517 0.16968687 0.47328468 0.19314646]
